<testsuite name="Mocha Tests" tests="1" failures="0" errors="1" skipped="0" timestamp="Wed, 17 Nov 2021 16:17:38 GMT" time="4.378">
<testcase classname="verifying vairables, cypress commands and jQurey commands" name="navigating toproduct pages and printing text with promise" time="0"><failure>Timed out after waiting &#x60;4000ms&#x60; for your remote page to load.

Your page did not fire its &#x60;load&#x60; event within &#x60;4000ms&#x60;.

You can try increasing the &#x60;pageLoadTimeout&#x60; value in &#x60;cypress.json&#x60; to wait longer.

Browsers will not fire the &#x60;load&#x60; event until all stylesheets and scripts are done downloading.

When this &#x60;load&#x60; event occurs, Cypress will continue running commands.
CypressError: Timed out after waiting &#x60;4000ms&#x60; for your remote page to load.

Your page did not fire its &#x60;load&#x60; event within &#x60;4000ms&#x60;.

You can try increasing the &#x60;pageLoadTimeout&#x60; value in &#x60;cypress.json&#x60; to wait longer.

Browsers will not fire the &#x60;load&#x60; event until all stylesheets and scripts are done downloading.

When this &#x60;load&#x60; event occurs, Cypress will continue running commands.
    at timedOutWaitingForPageLoad (http://localhost:5395/__cypress/runner/cypress_runner.js:155077:72)
    at http://localhost:5395/__cypress/runner/cypress_runner.js:156114:16
    at tryCatcher (http://localhost:5395/__cypress/runner/cypress_runner.js:13212:23)
    at http://localhost:5395/__cypress/runner/cypress_runner.js:8334:41
    at tryCatcher (http://localhost:5395/__cypress/runner/cypress_runner.js:13212:23)
    at Promise._settlePromiseFromHandler (http://localhost:5395/__cypress/runner/cypress_runner.js:11147:31)
    at Promise._settlePromise (http://localhost:5395/__cypress/runner/cypress_runner.js:11204:18)
    at Promise._settlePromise0 (http://localhost:5395/__cypress/runner/cypress_runner.js:11249:10)
    at Promise._settlePromises (http://localhost:5395/__cypress/runner/cypress_runner.js:11325:18)
    at _drainQueueStep (http://localhost:5395/__cypress/runner/cypress_runner.js:7919:12)
    at _drainQueue (http://localhost:5395/__cypress/runner/cypress_runner.js:7912:9)
    at Async.../../node_modules/bluebird/js/release/async.js.Async._drainQueues (http://localhost:5395/__cypress/runner/cypress_runner.js:7928:5)
    at Async.drainQueues (http://localhost:5395/__cypress/runner/cypress_runner.js:7798:14)
From Your Spec Code:
    at Context.eval (http://localhost:5395/__cypress/tests?p=cypress\integration\22\variables-and-cypress.test.js:110:8)</failure></testcase>
</testsuite>
